Using pre-set license
Built from '2020.3/release' branch; Version is '2020.3.15f2 (6cf78cb77498) revision 7141260'; Using compiler version '192528614'; Build Type 'Release'
OS: 'Windows 10 Home; OS build 19043.1165; Version 2009; 64bit' Language: 'en' Physical Memory: 16211 MB
BatchMode: 1, IsHumanControllingUs: 0, StartBugReporterOnCrash: 0, Is64bit: 1, IsPro: 0

 COMMAND LINE ARGUMENTS:
C:\Program Files\Unity\Hub\Editor\2020.3.15f2\Editor\Unity.exe
-adb2
-batchMode
-noUpm
-name
AssetImportWorker0
-projectPath
C:/Users/shade/Desktop/_GAME_DESIGN/_UnityProjects/2D_Roguelike
-logFile
Logs/AssetImportWorker0.log
-srvPort
9141
Successfully changed project path to: C:/Users/shade/Desktop/_GAME_DESIGN/_UnityProjects/2D_Roguelike
C:/Users/shade/Desktop/_GAME_DESIGN/_UnityProjects/2D_Roguelike
Using Asset Import Pipeline V2.
Refreshing native plugins compatible for Editor in 83.80 ms, found 3 plugins.
Preloading 0 native plugins for Editor in 0.00 ms.
Initialize engine version: 2020.3.15f2 (6cf78cb77498)
[Subsystems] Discovering subsystems at path C:/Program Files/Unity/Hub/Editor/2020.3.15f2/Editor/Data/Resources/UnitySubsystems
[Subsystems] Discovering subsystems at path C:/Users/shade/Desktop/_GAME_DESIGN/_UnityProjects/2D_Roguelike/Assets
GfxDevice: creating device client; threaded=0
Direct3D:
    Version:  Direct3D 11.0 [level 11.0]
    Renderer: NVIDIA GeForce GTX 960M (ID=0x139b)
    Vendor:   
    VRAM:     4055 MB
    Driver:   23.21.13.9077
Initialize mono
Mono path[0] = 'C:/Program Files/Unity/Hub/Editor/2020.3.15f2/Editor/Data/Managed'
Mono path[1] = 'C:/Program Files/Unity/Hub/Editor/2020.3.15f2/Editor/Data/MonoBleedingEdge/lib/mono/unityjit'
Mono config path = 'C:/Program Files/Unity/Hub/Editor/2020.3.15f2/Editor/Data/MonoBleedingEdge/etc'
Using monoOptions --debugger-agent=transport=dt_socket,embedding=1,server=y,suspend=n,address=127.0.0.1:56980
Begin MonoManager ReloadAssembly
Registering precompiled unity dll's ...
Register platform support module: C:/Program Files/Unity/Hub/Editor/2020.3.15f2/Editor/Data/PlaybackEngines/WebGLSupport/UnityEditor.WebGL.Extensions.dll
Register platform support module: C:/Program Files/Unity/Hub/Editor/2020.3.15f2/Editor/Data/PlaybackEngines/WindowsStandaloneSupport/UnityEditor.WindowsStandalone.Extensions.dll
Registered in 0.004119 seconds.
Native extension for WindowsStandalone target not found
Native extension for WebGL target not found
Refreshing native plugins compatible for Editor in 65.76 ms, found 3 plugins.
Preloading 0 native plugins for Editor in 0.00 ms.
Mono: successfully reloaded assembly
- Completed reload, in  2.298 seconds
Domain Reload Profiling:
	ReloadAssembly (2299ms)
		BeginReloadAssembly (113ms)
			ExecutionOrderSort (0ms)
			DisableScriptedObjects (0ms)
			BackupInstance (0ms)
			ReleaseScriptingObjects (0ms)
			CreateAndSetChildDomain (1ms)
		EndReloadAssembly (704ms)
			LoadAssemblies (112ms)
			RebuildTransferFunctionScriptingTraits (0ms)
			SetupTypeCache (255ms)
			ReleaseScriptCaches (0ms)
			RebuildScriptCaches (50ms)
			SetupLoadedEditorAssemblies (278ms)
				LogAssemblyErrors (0ms)
				InitializePlatformSupportModulesInManaged (14ms)
				SetLoadedEditorAssemblies (0ms)
				RefreshPlugins (66ms)
				BeforeProcessingInitializeOnLoad (17ms)
				ProcessInitializeOnLoadAttributes (131ms)
				ProcessInitializeOnLoadMethodAttributes (50ms)
				AfterProcessingInitializeOnLoad (0ms)
				EditorAssembliesLoaded (0ms)
			ExecutionOrderSort2 (0ms)
			AwakeInstancesAfterBackupRestoration (0ms)
Platform modules already initialized, skipping
Registering precompiled user dll's ...
Registered in 0.008698 seconds.
Begin MonoManager ReloadAssembly
Error: Could not load signature of ReadmeEditor:SelectReadme due to: Could not load file or assembly 'Assembly-CSharp, Version=0.0.0.0, Culture=neutral, PublicKeyToken=null' or one of its dependencies. assembly:Assembly-CSharp, Version=0.0.0.0, Culture=neutral, PublicKeyToken=null type:<unknown type> member:(null) signature:<none>

Could not load signature of ReadmeEditor:SelectReadme due to: Could not load file or assembly 'Assembly-CSharp, Version=0.0.0.0, Culture=neutral, PublicKeyToken=null' or one of its dependencies. assembly:Assembly-CSharp, Version=0.0.0.0, Culture=neutral, PublicKeyToken=null type:<unknown type> member:(null) signature:<none>
Unloading broken assembly Library/ScriptAssemblies/Assembly-CSharp-Editor.dll, this assembly can cause crashes in the runtime

Native extension for WindowsStandalone target not found
Native extension for WebGL target not found
Refreshing native plugins compatible for Editor in 67.43 ms, found 3 plugins.
Preloading 0 native plugins for Editor in 0.00 ms.
Mono: successfully reloaded assembly
- Completed reload, in  2.057 seconds
Domain Reload Profiling:
	ReloadAssembly (2058ms)
		BeginReloadAssembly (295ms)
			ExecutionOrderSort (0ms)
			DisableScriptedObjects (6ms)
			BackupInstance (0ms)
			ReleaseScriptingObjects (0ms)
			CreateAndSetChildDomain (40ms)
		EndReloadAssembly (1661ms)
			LoadAssemblies (183ms)
			RebuildTransferFunctionScriptingTraits (0ms)
			SetupTypeCache (494ms)
			ReleaseScriptCaches (1ms)
			RebuildScriptCaches (77ms)
			SetupLoadedEditorAssemblies (736ms)
				LogAssemblyErrors (0ms)
				InitializePlatformSupportModulesInManaged (11ms)
				SetLoadedEditorAssemblies (0ms)
				RefreshPlugins (68ms)
				BeforeProcessingInitializeOnLoad (147ms)
				ProcessInitializeOnLoadAttributes (477ms)
				ProcessInitializeOnLoadMethodAttributes (16ms)
				AfterProcessingInitializeOnLoad (16ms)
				EditorAssembliesLoaded (0ms)
			ExecutionOrderSort2 (0ms)
			AwakeInstancesAfterBackupRestoration (7ms)
Platform modules already initialized, skipping
========================================================================
Worker process is ready to serve import requests
Launched and connected shader compiler UnityShaderCompiler.exe after 0.12 seconds
Refreshing native plugins compatible for Editor in 0.49 ms, found 3 plugins.
Preloading 0 native plugins for Editor in 0.00 ms.
Unloading 2104 Unused Serialized files (Serialized files now loaded: 0)
System memory in use before: 93.8 MB.
System memory in use after: 93.8 MB.

Unloading 29 unused Assets to reduce memory usage. Loaded Objects now: 2542.
Total: 5.507800 ms (FindLiveObjects: 0.369700 ms CreateObjectMapping: 0.197700 ms MarkObjects: 4.714500 ms  DeleteObjects: 0.223500 ms)

AssetImportParameters requested are different than current active one (requested -> active):
  custom:framework-win-MediaFoundation: 216162199b28c13a410421893ffa2e32 -> 
  custom:video-decoder-ogg-theora: a1e56fd34408186e4bbccfd4996cb3dc -> 
  custom:container-muxer-webm: aa71ff27fc2769a1b78a27578f13a17b -> 
  custom:container-demuxer-webm: 4f35f7cbe854078d1ac9338744f61a02 -> 
  custom:container-demuxer-ogg: 62fdf1f143b41e24485cea50d1cbac27 -> 
  custom:video-encoder-webm-vp8: eb34c28f22e8b96e1ab97ce403110664 -> 
  custom:video-codec-MediaFoundation-h265: 746d11721c4dcdbdad8f713fa42b33f4 -> 
  custom:video-decoder-webm-vp8: 9c59270c3fd7afecdb556c50c9e8de78 -> 
  custom:audio-decoder-ogg-vorbis: bf7c407c2cedff20999df2af8eb42d56 -> 
  custom:audio-encoder-webm-vorbis: bf7c407c2cedff20999df2af8eb42d56 -> 
========================================================================
Received Import Request.
  path: Assets/enemy2Idle.anim
  artifactKey: Guid(d12a95a1463a2434a9bee3f22fe5effb) Importer(815301076,1909f56bfc062723c751e8b465ee728b)
Start importing Assets/enemy2Idle.anim using Guid(d12a95a1463a2434a9bee3f22fe5effb) Importer(815301076,1909f56bfc062723c751e8b465ee728b)  -> (artifact id: '0067cdd66ad0be281cef36c61f0f4065') in 0.057502 seconds 
  Import took 0.062801 seconds .

========================================================================
Received Import Request.
  Time since last request: 0.000623 seconds.
  path: Assets/Sprites
  artifactKey: Guid(43253f702375d1e4795dfe82af7b2d0a) Importer(815301076,1909f56bfc062723c751e8b465ee728b)
Start importing Assets/Sprites using Guid(43253f702375d1e4795dfe82af7b2d0a) Importer(815301076,1909f56bfc062723c751e8b465ee728b)  -> (artifact id: '8d920fa09deb798f42f051fcca684772') in 0.010245 seconds 
  Import took 0.018330 seconds .

========================================================================
Received Import Request.
  Time since last request: 0.000666 seconds.
  path: Assets/2D Roguelike Upgrade Guide.pdf
  artifactKey: Guid(b51259f0e9210b443918e15bf42bc64e) Importer(815301076,1909f56bfc062723c751e8b465ee728b)
Start importing Assets/2D Roguelike Upgrade Guide.pdf using Guid(b51259f0e9210b443918e15bf42bc64e) Importer(815301076,1909f56bfc062723c751e8b465ee728b)  -> (artifact id: 'd67da7d4afaeb7c82dd2fbf80862abe9') in 0.027066 seconds 
  Import took 0.037035 seconds .

========================================================================
Received Import Request.
  Time since last request: 13.577577 seconds.
  path: Assets/Anims/enemy1Attack.anim
  artifactKey: Guid(bb8e67a661d53084caf9c6eee35a9a0d) Importer(815301076,1909f56bfc062723c751e8b465ee728b)
Start importing Assets/Anims/enemy1Attack.anim using Guid(bb8e67a661d53084caf9c6eee35a9a0d) Importer(815301076,1909f56bfc062723c751e8b465ee728b)  -> (artifact id: '52d0c77709c0052982399fe267ffc9cb') in 0.013986 seconds 
  Import took 0.019116 seconds .

========================================================================
Received Import Request.
  Time since last request: 0.003951 seconds.
  path: Assets/Anims/enemy1Attack.anim
  artifactKey: Guid(bb8e67a661d53084caf9c6eee35a9a0d) Importer(815301076,1909f56bfc062723c751e8b465ee728b)
Start importing Assets/Anims/enemy1Attack.anim using Guid(bb8e67a661d53084caf9c6eee35a9a0d) Importer(815301076,1909f56bfc062723c751e8b465ee728b)  -> (artifact id: '52d0c77709c0052982399fe267ffc9cb') in 0.006077 seconds 
  Import took 0.011897 seconds .

========================================================================
Received Import Request.
  Time since last request: 23.291277 seconds.
  path: Assets/Scripts/BoardManager.cs
  artifactKey: Guid(9c39fb62f93735f4bbdd01f0c0f771b9) Importer(815301076,1909f56bfc062723c751e8b465ee728b)
Start importing Assets/Scripts/BoardManager.cs using Guid(9c39fb62f93735f4bbdd01f0c0f771b9) Importer(815301076,1909f56bfc062723c751e8b465ee728b)  -> (artifact id: '267e1162388e86a7f79ce4a1ad401da5') in 0.019108 seconds 
  Import took 0.024335 seconds .

========================================================================
Received Import Request.
  Time since last request: 0.027035 seconds.
  path: Assets/Scripts/BoardManager.cs
  artifactKey: Guid(9c39fb62f93735f4bbdd01f0c0f771b9) Importer(815301076,1909f56bfc062723c751e8b465ee728b)
Start importing Assets/Scripts/BoardManager.cs using Guid(9c39fb62f93735f4bbdd01f0c0f771b9) Importer(815301076,1909f56bfc062723c751e8b465ee728b)  -> (artifact id: '267e1162388e86a7f79ce4a1ad401da5') in 0.005868 seconds 
  Import took 0.011399 seconds .

========================================================================
Received Import Request.
  Time since last request: 64.149143 seconds.
  path: Assets/Scripts/BoardManager.cs
  artifactKey: Guid(9c39fb62f93735f4bbdd01f0c0f771b9) Importer(815301076,1909f56bfc062723c751e8b465ee728b)
Start importing Assets/Scripts/BoardManager.cs using Guid(9c39fb62f93735f4bbdd01f0c0f771b9) Importer(815301076,1909f56bfc062723c751e8b465ee728b)  -> (artifact id: 'f51fc05fe0db4114485e45d10a92ede5') in 0.006751 seconds 
  Import took 0.011000 seconds .

========================================================================
Received Import Request.
  Time since last request: 0.161274 seconds.
  path: Assets/Scripts/BoardManager.cs
  artifactKey: Guid(9c39fb62f93735f4bbdd01f0c0f771b9) Importer(815301076,1909f56bfc062723c751e8b465ee728b)
Start importing Assets/Scripts/BoardManager.cs using Guid(9c39fb62f93735f4bbdd01f0c0f771b9) Importer(815301076,1909f56bfc062723c751e8b465ee728b)  -> (artifact id: 'f51fc05fe0db4114485e45d10a92ede5') in 0.005352 seconds 
  Import took 0.011875 seconds .

========================================================================
Received Prepare
Registering precompiled user dll's ...
Registered in 0.010982 seconds.
Could not load signature of ReadmeEditor:SelectReadme due to: Could not load file or assembly 'Assembly-CSharp, Version=0.0.0.0, Culture=neutral, PublicKeyToken=null' or one of its dependencies. assembly:Assembly-CSharp, Version=0.0.0.0, Culture=neutral, PublicKeyToken=null type:<unknown type> member:(null) signature:<none>
Begin MonoManager ReloadAssembly
Native extension for WindowsStandalone target not found
Native extension for WebGL target not found
Refreshing native plugins compatible for Editor in 1.59 ms, found 3 plugins.
Preloading 0 native plugins for Editor in 0.00 ms.
Mono: successfully reloaded assembly
- Completed reload, in  1.842 seconds
Domain Reload Profiling:
	ReloadAssembly (1843ms)
		BeginReloadAssembly (187ms)
			ExecutionOrderSort (0ms)
			DisableScriptedObjects (7ms)
			BackupInstance (0ms)
			ReleaseScriptingObjects (0ms)
			CreateAndSetChildDomain (46ms)
		EndReloadAssembly (1540ms)
			LoadAssemblies (170ms)
			RebuildTransferFunctionScriptingTraits (0ms)
			SetupTypeCache (483ms)
			ReleaseScriptCaches (2ms)
			RebuildScriptCaches (78ms)
			SetupLoadedEditorAssemblies (646ms)
				LogAssemblyErrors (0ms)
				InitializePlatformSupportModulesInManaged (8ms)
				SetLoadedEditorAssemblies (1ms)
				RefreshPlugins (2ms)
				BeforeProcessingInitializeOnLoad (152ms)
				ProcessInitializeOnLoadAttributes (464ms)
				ProcessInitializeOnLoadMethodAttributes (7ms)
				AfterProcessingInitializeOnLoad (11ms)
				EditorAssembliesLoaded (0ms)
			ExecutionOrderSort2 (0ms)
			AwakeInstancesAfterBackupRestoration (18ms)
Platform modules already initialized, skipping
Refreshing native plugins compatible for Editor in 0.66 ms, found 3 plugins.
Preloading 0 native plugins for Editor in 0.00 ms.
Unloading 2095 Unused Serialized files (Serialized files now loaded: 0)
System memory in use before: 93.3 MB.
System memory in use after: 93.4 MB.

Unloading 17 unused Assets to reduce memory usage. Loaded Objects now: 2546.
Total: 3.574300 ms (FindLiveObjects: 0.230400 ms CreateObjectMapping: 0.091400 ms MarkObjects: 3.095800 ms  DeleteObjects: 0.155200 ms)

AssetImportParameters requested are different than current active one (requested -> active):
  custom:framework-win-MediaFoundation: 216162199b28c13a410421893ffa2e32 -> 
  custom:video-decoder-ogg-theora: a1e56fd34408186e4bbccfd4996cb3dc -> 
  custom:container-muxer-webm: aa71ff27fc2769a1b78a27578f13a17b -> 
  custom:container-demuxer-webm: 4f35f7cbe854078d1ac9338744f61a02 -> 
  custom:container-demuxer-ogg: 62fdf1f143b41e24485cea50d1cbac27 -> 
  custom:video-encoder-webm-vp8: eb34c28f22e8b96e1ab97ce403110664 -> 
  custom:video-codec-MediaFoundation-h265: 746d11721c4dcdbdad8f713fa42b33f4 -> 
  custom:video-decoder-webm-vp8: 9c59270c3fd7afecdb556c50c9e8de78 -> 
  custom:audio-decoder-ogg-vorbis: bf7c407c2cedff20999df2af8eb42d56 -> 
  custom:audio-encoder-webm-vorbis: bf7c407c2cedff20999df2af8eb42d56 -> 
========================================================================
Received Import Request.
  Time since last request: 424.469236 seconds.
  path: Assets/Scripts/BoardManager.cs
  artifactKey: Guid(9c39fb62f93735f4bbdd01f0c0f771b9) Importer(815301076,1909f56bfc062723c751e8b465ee728b)
Start importing Assets/Scripts/BoardManager.cs using Guid(9c39fb62f93735f4bbdd01f0c0f771b9) Importer(815301076,1909f56bfc062723c751e8b465ee728b)  -> (artifact id: '2cd672138089fdca0368e6ee732efab0') in 0.012707 seconds 
  Import took 0.018840 seconds .

========================================================================
Received Import Request.
  Time since last request: 4.293413 seconds.
  path: Assets/Scripts/GameManager.cs
  artifactKey: Guid(ccd8cca3a8c8dc6438fc82c80b406772) Importer(815301076,1909f56bfc062723c751e8b465ee728b)
Start importing Assets/Scripts/GameManager.cs using Guid(ccd8cca3a8c8dc6438fc82c80b406772) Importer(815301076,1909f56bfc062723c751e8b465ee728b)  -> (artifact id: '2acd0fc5c10eb09b6725cccd1ae52fa3') in 0.009496 seconds 
  Import took 0.014316 seconds .

========================================================================
Received Import Request.
  Time since last request: 0.001192 seconds.
  path: Assets/Scripts/GameManager.cs
  artifactKey: Guid(ccd8cca3a8c8dc6438fc82c80b406772) Importer(815301076,1909f56bfc062723c751e8b465ee728b)
Start importing Assets/Scripts/GameManager.cs using Guid(ccd8cca3a8c8dc6438fc82c80b406772) Importer(815301076,1909f56bfc062723c751e8b465ee728b)  -> (artifact id: '2acd0fc5c10eb09b6725cccd1ae52fa3') in 0.006318 seconds 
  Import took 0.011263 seconds .

========================================================================
Received Prepare
Registering precompiled user dll's ...
Registered in 0.010377 seconds.
Begin MonoManager ReloadAssembly
Native extension for WindowsStandalone target not found
Native extension for WebGL target not found
Refreshing native plugins compatible for Editor in 0.49 ms, found 3 plugins.
Preloading 0 native plugins for Editor in 0.00 ms.
Mono: successfully reloaded assembly
- Completed reload, in  1.642 seconds
Domain Reload Profiling:
	ReloadAssembly (1643ms)
		BeginReloadAssembly (170ms)
			ExecutionOrderSort (0ms)
			DisableScriptedObjects (10ms)
			BackupInstance (0ms)
			ReleaseScriptingObjects (0ms)
			CreateAndSetChildDomain (49ms)
		EndReloadAssembly (1368ms)
			LoadAssemblies (162ms)
			RebuildTransferFunctionScriptingTraits (0ms)
			SetupTypeCache (433ms)
			ReleaseScriptCaches (1ms)
			RebuildScriptCaches (65ms)
			SetupLoadedEditorAssemblies (572ms)
				LogAssemblyErrors (0ms)
				InitializePlatformSupportModulesInManaged (7ms)
				SetLoadedEditorAssemblies (1ms)
				RefreshPlugins (1ms)
				BeforeProcessingInitializeOnLoad (140ms)
				ProcessInitializeOnLoadAttributes (406ms)
				ProcessInitializeOnLoadMethodAttributes (6ms)
				AfterProcessingInitializeOnLoad (11ms)
				EditorAssembliesLoaded (0ms)
			ExecutionOrderSort2 (0ms)
			AwakeInstancesAfterBackupRestoration (16ms)
Platform modules already initialized, skipping
Refreshing native plugins compatible for Editor in 0.57 ms, found 3 plugins.
Preloading 0 native plugins for Editor in 0.00 ms.
Unloading 2095 Unused Serialized files (Serialized files now loaded: 0)
System memory in use before: 93.4 MB.
System memory in use after: 93.5 MB.

Unloading 17 unused Assets to reduce memory usage. Loaded Objects now: 2550.
Total: 4.680500 ms (FindLiveObjects: 0.236700 ms CreateObjectMapping: 0.083800 ms MarkObjects: 4.216400 ms  DeleteObjects: 0.142000 ms)

AssetImportParameters requested are different than current active one (requested -> active):
  custom:framework-win-MediaFoundation: 216162199b28c13a410421893ffa2e32 -> 
  custom:video-decoder-ogg-theora: a1e56fd34408186e4bbccfd4996cb3dc -> 
  custom:container-muxer-webm: aa71ff27fc2769a1b78a27578f13a17b -> 
  custom:container-demuxer-webm: 4f35f7cbe854078d1ac9338744f61a02 -> 
  custom:container-demuxer-ogg: 62fdf1f143b41e24485cea50d1cbac27 -> 
  custom:video-encoder-webm-vp8: eb34c28f22e8b96e1ab97ce403110664 -> 
  custom:video-codec-MediaFoundation-h265: 746d11721c4dcdbdad8f713fa42b33f4 -> 
  custom:video-decoder-webm-vp8: 9c59270c3fd7afecdb556c50c9e8de78 -> 
  custom:audio-decoder-ogg-vorbis: bf7c407c2cedff20999df2af8eb42d56 -> 
  custom:audio-encoder-webm-vorbis: bf7c407c2cedff20999df2af8eb42d56 -> 
